<?xml version="1.0" encoding="UTF-8"?>
<!-- Generated by org.testng.reporters.JUnitReportReporter -->
<testsuite hostname="HSNMM-RamNiwas" name="SeleniumPackage.TestngAnnotaion" tests="2" failures="0" timestamp="10 May 2017 20:12:26 GMT" time="0.072" errors="0">
  <testcase name="validateDifference" time="0.070" classname="SeleniumPackage.TestngAnnotaion"/>
  <testcase name="validateSum" time="0.002" classname="SeleniumPackage.TestngAnnotaion"/>
</testsuite> <!-- SeleniumPackage.TestngAnnotaion -->
